<?xml version="1.0" encoding="UTF-8"?>
<testng-results ignored="0" total="3" passed="2" failed="1" skipped="0">
  <reporter-output>
  </reporter-output>
  <suite started-at="2022-09-24T21:36:46 BDT" name="Suite" finished-at="2022-09-24T21:37:43 BDT" duration-ms="56864">
    <groups>
      <group name="cucumber">
        <method signature="AbstractTestNGCucumberTests.runScenario(io.cucumber.testng.PickleWrapper,io.cucumber.testng.FeatureWrapper)[pri:0, instance:runner.TestNGRunner@7c7b252e]" name="runScenario" class="io.cucumber.testng.AbstractTestNGCucumberTests"/>
      </group> <!-- cucumber -->
    </groups>
    <test started-at="2022-09-24T21:36:46 BDT" name="cucumber-htnl-report-demo" finished-at="2022-09-24T21:37:43 BDT" duration-ms="56864">
      <class name="runner.TestNGRunner">
        <test-method is-config="true" signature="setUpClass(org.testng.ITestContext)[pri:0, instance:runner.TestNGRunner@7c7b252e]" started-at="2022-09-24T21:36:46 BDT" name="setUpClass" finished-at="2022-09-24T21:36:47 BDT" duration-ms="884" status="PASS">
          <params>
            <param index="0">
              <value>
                <![CDATA[org.testng.TestRunner@175b9425]]>
              </value>
            </param>
          </params>
          <reporter-output>
          </reporter-output>
        </test-method> <!-- setUpClass -->
        <test-method signature="runScenario(io.cucumber.testng.PickleWrapper,io.cucumber.testng.FeatureWrapper)[pri:0, instance:runner.TestNGRunner@7c7b252e]" started-at="2022-09-24T21:36:47 BDT" name="runScenario" description="Runs Cucumber Scenarios" data-provider="scenarios" finished-at="2022-09-24T21:37:04 BDT" duration-ms="16752" status="PASS">
          <params>
            <param index="0">
              <value>
                <![CDATA["Login with valid userName and password"]]>
              </value>
            </param>
            <param index="1">
              <value>
                <![CDATA["I want to verify that the Login functionality is working properly"]]>
              </value>
            </param>
          </params>
          <reporter-output>
          </reporter-output>
        </test-method> <!-- runScenario -->
        <test-method signature="runScenario(io.cucumber.testng.PickleWrapper,io.cucumber.testng.FeatureWrapper)[pri:0, instance:runner.TestNGRunner@7c7b252e]" started-at="2022-09-24T21:37:04 BDT" name="runScenario" description="Runs Cucumber Scenarios" data-provider="scenarios" finished-at="2022-09-24T21:37:26 BDT" duration-ms="22352" status="PASS">
          <params>
            <param index="0">
              <value>
                <![CDATA["Login with invalid uerName and valid password"]]>
              </value>
            </param>
            <param index="1">
              <value>
                <![CDATA["I want to verify that the Login functionality is working properly"]]>
              </value>
            </param>
          </params>
          <reporter-output>
          </reporter-output>
        </test-method> <!-- runScenario -->
        <test-method signature="runScenario(io.cucumber.testng.PickleWrapper,io.cucumber.testng.FeatureWrapper)[pri:0, instance:runner.TestNGRunner@7c7b252e]" started-at="2022-09-24T21:37:26 BDT" name="runScenario" description="Runs Cucumber Scenarios" data-provider="scenarios" finished-at="2022-09-24T21:37:39 BDT" duration-ms="12739" status="FAIL">
          <params>
            <param index="0">
              <value>
                <![CDATA["Login with valid uerName and invalid password"]]>
              </value>
            </param>
            <param index="1">
              <value>
                <![CDATA["I want to verify that the Login functionality is working properly"]]>
              </value>
            </param>
          </params>
          <exception class="java.lang.AssertionError">
            <message>
              <![CDATA[expected [Your email or password is incorrect.(Intentionally Result Failing Text)] but found [Your email or password is incorrect.]]]>
            </message>
            <full-stacktrace>
              <![CDATA[java.lang.AssertionError: expected [Your email or password is incorrect.(Intentionally Result Failing Text)] but found [Your email or password is incorrect.]
at org.testng.Assert.fail(Assert.java:110)
at org.testng.Assert.failNotEquals(Assert.java:1413)
at org.testng.Assert.assertEqualsImpl(Assert.java:149)
at org.testng.Assert.assertEquals(Assert.java:131)
at org.testng.Assert.assertEquals(Assert.java:655)
at org.testng.Assert.assertEquals(Assert.java:665)
at steps.LoginSteps.loginShouldFailWithAnError(LoginSteps.java:71)
at âœ½.login should fail with an error "Your email or password is incorrect.(Intentionally Result Failing Text)"(file:///C:/Users/Asus/IdeaProjects/cucumber-htnl-report-demo/src/test/resources/features/login.feature:31)
]]>
            </full-stacktrace>
          </exception> <!-- java.lang.AssertionError -->
          <reporter-output>
          </reporter-output>
        </test-method> <!-- runScenario -->
        <test-method is-config="true" signature="tearDownClass()[pri:0, instance:runner.TestNGRunner@7c7b252e]" started-at="2022-09-24T21:37:39 BDT" name="tearDownClass" finished-at="2022-09-24T21:37:43 BDT" duration-ms="4033" status="PASS">
          <reporter-output>
          </reporter-output>
        </test-method> <!-- tearDownClass -->
      </class> <!-- runner.TestNGRunner -->
    </test> <!-- cucumber-htnl-report-demo -->
  </suite> <!-- Suite -->
</testng-results>
